<?xml version="1.0" encoding="UTF-8"?>
<!-- Generated by org.testng.reporters.JUnitReportReporter -->
<testsuite hostname="DESKTOP-2JKDASI" failures="0" tests="1" name="TestOne.POSTUser" time="6.505" errors="0" timestamp="2021-02-22T11:32:28 SAST" skipped="0">
  <testcase classname="TestOne.POSTUser" name="Test1" time="6.505"/>
  <system-out/>
</testsuite> <!-- TestOne.POSTUser -->
