<?xml version="1.0" encoding="UTF-8"?>
<!-- Generated by org.testng.reporters.JUnitReportReporter -->
<testsuite hostname="DESKTOP-2JKDASI" failures="0" tests="1" name="XYZRest_API.POSTUser" time="4.858" errors="0" timestamp="2021-02-22T13:27:20 SAST" skipped="0">
  <testcase classname="XYZRest_API.POSTUser" name="TestThree" time="4.858"/>
  <system-out/>
</testsuite> <!-- XYZRest_API.POSTUser -->
