<?xml version="1.0" encoding="UTF-8"?>
<!-- Generated by org.testng.reporters.JUnitReportReporter -->
<testsuite hostname="DESKTOP-2JKDASI" failures="0" tests="1" name="Rest.Test_Case" time="8.052" errors="0" timestamp="2021-03-16T04:34:07 SAST" skipped="0">
  <testcase classname="Rest.Test_Case" name="TestTwo" time="8.052"/>
  <system-out/>
</testsuite> <!-- Rest.Test_Case -->
